Log file open, 02/18/23 05:39:26
LogWindows: Failed to load 'aqProf.dll' (GetLastError=126)
LogWindows: File 'aqProf.dll' does not exist
LogWindows: Failed to load 'VtuneApi.dll' (GetLastError=126)
LogWindows: File 'VtuneApi.dll' does not exist
LogWindows: Failed to load 'VtuneApi32e.dll' (GetLastError=126)
LogWindows: File 'VtuneApi32e.dll' does not exist
LogInit: Display: Running engine for game: ArenaBattle
LogPlatformFile: Not using cached read wrapper
LogInit: Display: RandInit(-558494667) SRandInit(-558494666).
LogInit: Read version file with build ID '3944462'
LogInit: Overriding engine version to CL 4033788, compatible CL 3944462
LogInit: Registered custom module enumerator with build ID '3944462'
LogTaskGraph: Started task graph with 5 named threads and 47 total threads with 3 sets of task threads.
LogStats: Stats thread started at 0.715926
LogD3D11RHI: Aftermath initialized
LogICUInternationalization: Display: ICU TimeZone Detection - Raw Offset: +9:00, Platform Override: ''
LogPluginManager: Mounting plugin Paper2D
LogPluginManager: Mounting plugin LiveLink
LogPluginManager: Mounting plugin LightPropagationVolume
LogPluginManager: Mounting plugin CLionSourceCodeAccess
LogPluginManager: Mounting plugin CodeLiteSourceCodeAccess
LogPluginManager: Mounting plugin GitSourceControl
LogPluginManager: Mounting plugin KDevelopSourceCodeAccess
LogPluginManager: Mounting plugin NullSourceCodeAccess
LogPluginManager: Mounting plugin PerforceSourceControl
LogPluginManager: Mounting plugin SubversionSourceControl
LogPluginManager: Mounting plugin UObjectPlugin
LogPluginManager: Mounting plugin VisualStudioCodeSourceCodeAccess
LogPluginManager: Mounting plugin VisualStudioSourceCodeAccess
LogPluginManager: Mounting plugin XCodeSourceCodeAccess
LogPluginManager: Mounting plugin AssetManagerEditor
LogPluginManager: Mounting plugin CryptoKeys
LogPluginManager: Mounting plugin DataValidation
LogPluginManager: Mounting plugin FacialAnimation
LogPluginManager: Mounting plugin GameplayTagsEditor
LogPluginManager: Mounting plugin MobileLauncherProfileWizard
LogPluginManager: Mounting plugin PluginBrowser
LogPluginManager: Mounting plugin SpeedTreeImporter
LogPluginManager: Mounting plugin DatasmithContent
LogPluginManager: Mounting plugin AlembicImporter
LogPluginManager: Mounting plugin CharacterAI
LogPluginManager: Mounting plugin HTML5Networking
LogPluginManager: Mounting plugin AndroidMedia
LogPluginManager: Mounting plugin AvfMedia
LogPluginManager: Mounting plugin ImgMedia
LogPluginManager: Mounting plugin LinearTimecode
LogPluginManager: Mounting plugin MediaCompositing
LogPluginManager: Mounting plugin MediaPlayerEditor
LogPluginManager: Mounting plugin WmfMedia
LogPluginManager: Mounting plugin TcpMessaging
LogPluginManager: Mounting plugin UdpMessaging
LogPluginManager: Mounting plugin ActorSequence
LogPluginManager: Mounting plugin LevelSequenceEditor
LogPluginManager: Mounting plugin MatineeToLevelSequence
LogPluginManager: Mounting plugin NetcodeUnitTest
LogPluginManager: Mounting plugin NUTUnrealEngine4
LogPluginManager: Mounting plugin OnlineSubsystemGooglePlay
LogPluginManager: Mounting plugin OnlineSubsystemIOS
LogPluginManager: Mounting plugin OnlineSubsystem
LogPluginManager: Mounting plugin OnlineSubsystemNull
LogPluginManager: Mounting plugin OnlineSubsystemUtils
LogPluginManager: Mounting plugin AndroidDeviceProfileSelector
LogPluginManager: Mounting plugin AndroidMoviePlayer
LogPluginManager: Mounting plugin AndroidPermission
LogPluginManager: Mounting plugin AppleARKit
LogPluginManager: Mounting plugin AppleMoviePlayer
LogPluginManager: Mounting plugin ArchVisCharacter
LogPluginManager: Mounting plugin AudioCapture
LogPluginManager: Mounting plugin CableComponent
LogPluginManager: Mounting plugin CustomMeshComponent
LogPluginManager: Mounting plugin ExampleDeviceProfileSelector
LogPluginManager: Mounting plugin GoogleCloudMessaging
LogPluginManager: Mounting plugin ImmediatePhysics
LogPluginManager: Mounting plugin IOSDeviceProfileSelector
LogPluginManager: Mounting plugin LinuxDeviceProfileSelector
LogPluginManager: Mounting plugin LocationServicesBPLibrary
LogPluginManager: Mounting plugin MobilePatchingUtils
LogPluginManager: Mounting plugin OculusVR
LogPluginManager: Plugin shader directory ../../../Engine/Plugins/Runtime/Oculus/OculusVR/Shaders found
LogPluginManager: Mapping shader source directory ../../../Engine/Plugins/Runtime/Oculus/OculusVR/Shaders to virtual directory /Plugin/OculusVR
LogPluginManager: Mounting plugin PhysXVehicles
LogPluginManager: Mounting plugin ProceduralMeshComponent
LogPluginManager: Mounting plugin RuntimePhysXCooking
LogPluginManager: Mounting plugin SteamVR
LogPluginManager: Mounting plugin WindowsMoviePlayer
LogStreaming: Display: Took  0.044s to configure plugins.
LogModuleManager: Display: Found up-to-date module file ../../../../../../Users/kayla/Documents/Unreal Projects/ArenaBattle/Binaries/Win64/UE4Editor-ArenaBattle.dll (API version 3944462).
LogModuleManager: Display: Found up-to-date module file ../../../Engine/Plugins/2D/Paper2D/Binaries/Win64/UE4Editor-Paper2D.dll (API version 3944462).
LogModuleManager: Display: Found up-to-date module file ../../../Engine/Plugins/2D/Paper2D/Binaries/Win64/UE4Editor-Paper2DEditor.dll (API version 3944462).
LogModuleManager: Display: Found up-to-date module file ../../../Engine/Plugins/2D/Paper2D/Binaries/Win64/UE4Editor-PaperSpriteSheetImporter.dll (API version 3944462).
LogModuleManager: Display: Found up-to-date module file ../../../Engine/Plugins/2D/Paper2D/Binaries/Win64/UE4Editor-PaperTiledImporter.dll (API version 3944462).
LogModuleManager: Display: Found up-to-date module file ../../../Engine/Plugins/2D/Paper2D/Binaries/Win64/UE4Editor-SmartSnapping.dll (API version 3944462).
LogModuleManager: Display: Found up-to-date module file ../../../Engine/Plugins/Animation/LiveLink/Binaries/Win64/UE4Editor-LiveLink.dll (API version 3944462).
LogModuleManager: Display: Found up-to-date module file ../../../Engine/Plugins/Animation/LiveLink/Binaries/Win64/UE4Editor-LiveLinkEditor.dll (API version 3944462).
LogModuleManager: Display: Found up-to-date module file ../../../Engine/Plugins/Blendables/LightPropagationVolume/Binaries/Win64/UE4Editor-LightPropagationVolumeRuntime.dll (API version 3944462).
LogModuleManager: Display: Found up-to-date module file ../../../Engine/Plugins/Blendables/LightPropagationVolume/Binaries/Win64/UE4Editor-LightPropagationVolumeEditor.dll (API version 3944462).
LogModuleManager: Display: Found up-to-date module file ../../../Engine/Plugins/Developer/CLionSourceCodeAccess/Binaries/Win64/UE4Editor-CLionSourceCodeAccess.dll (API version 3944462).
LogModuleManager: Display: Found up-to-date module file ../../../Engine/Plugins/Developer/GitSourceControl/Binaries/Win64/UE4Editor-GitSourceControl.dll (API version 3944462).
LogModuleManager: Display: Found up-to-date module file ../../../Engine/Plugins/Developer/PerforceSourceControl/Binaries/Win64/UE4Editor-PerforceSourceControl.dll (API version 3944462).
LogModuleManager: Display: Found up-to-date module file ../../../Engine/Plugins/Developer/SubversionSourceControl/Binaries/Win64/UE4Editor-SubversionSourceControl.dll (API version 3944462).
LogModuleManager: Display: Found up-to-date module file ../../../Engine/Plugins/Developer/UObjectPlugin/Binaries/Win64/UE4Editor-UObjectPlugin.dll (API version 3944462).
LogModuleManager: Display: Found up-to-date module file ../../../Engine/Plugins/Developer/VisualStudioCodeSourceCodeAccess/Binaries/Win64/UE4Editor-VisualStudioCodeSourceCodeAccess.dll (API version 3944462).
LogModuleManager: Display: Found up-to-date module file ../../../Engine/Plugins/Developer/VisualStudioSourceCodeAccess/Binaries/Win64/UE4Editor-VisualStudioSourceCodeAccess.dll (API version 3944462).
LogModuleManager: Display: Found up-to-date module file ../../../Engine/Plugins/Editor/AssetManagerEditor/Binaries/Win64/UE4Editor-AssetManagerEditor.dll (API version 3944462).
LogModuleManager: Display: Found up-to-date module file ../../../Engine/Plugins/Editor/CryptoKeys/Binaries/Win64/UE4Editor-CryptoKeys.dll (API version 3944462).
LogModuleManager: Display: Found up-to-date module file ../../../Engine/Plugins/Editor/CryptoKeys/Binaries/Win64/UE4Editor-CryptoKeysOpenSSL.dll (API version 3944462).
LogModuleManager: Display: Found up-to-date module file ../../../Engine/Plugins/Editor/DataValidation/Binaries/Win64/UE4Editor-DataValidation.dll (API version 3944462).
LogModuleManager: Display: Found up-to-date module file ../../../Engine/Plugins/Editor/FacialAnimation/Binaries/Win64/UE4Editor-FacialAnimation.dll (API version 3944462).
LogModuleManager: Display: Found up-to-date module file ../../../Engine/Plugins/Editor/FacialAnimation/Binaries/Win64/UE4Editor-FacialAnimationEditor.dll (API version 3944462).
LogModuleManager: Display: Found up-to-date module file ../../../Engine/Plugins/Editor/GameplayTagsEditor/Binaries/Win64/UE4Editor-GameplayTagsEditor.dll (API version 3944462).
LogModuleManager: Display: Found up-to-date module file ../../../Engine/Plugins/Editor/MobileLauncherProfileWizard/Binaries/Win64/UE4Editor-MobileLauncherProfileWizard.dll (API version 3944462).
LogModuleManager: Display: Found up-to-date module file ../../../Engine/Plugins/Editor/PluginBrowser/Binaries/Win64/UE4Editor-PluginBrowser.dll (API version 3944462).
LogModuleManager: Display: Found up-to-date module file ../../../Engine/Plugins/Editor/SpeedTreeImporter/Binaries/Win64/UE4Editor-SpeedTreeImporter.dll (API version 3944462).
LogModuleManager: Display: Found up-to-date module file ../../../Engine/Plugins/Enterprise/DatasmithContent/Binaries/Win64/UE4Editor-DatasmithContent.dll (API version 3944462).
LogModuleManager: Display: Found up-to-date module file ../../../Engine/Plugins/Experimental/AlembicImporter/Binaries/Win64/UE4Editor-AlembicImporter.dll (API version 3944462).
LogModuleManager: Display: Found up-to-date module file ../../../Engine/Plugins/Experimental/AlembicImporter/Binaries/Win64/UE4Editor-AlembicLibrary.dll (API version 3944462).
LogModuleManager: Display: Found up-to-date module file ../../../Engine/Plugins/Experimental/CharacterAI/Binaries/Win64/UE4Editor-CharacterAI.dll (API version 3944462).
LogModuleManager: Display: Found up-to-date module file ../../../Engine/Plugins/Experimental/HTML5Networking/Binaries/Win64/UE4Editor-HTML5Networking.dll (API version 3944462).
LogModuleManager: Display: Found up-to-date module file ../../../Engine/Plugins/Media/AndroidMedia/Binaries/Win64/UE4Editor-AndroidMediaEditor.dll (API version 3944462).
LogModuleManager: Display: Found up-to-date module file ../../../Engine/Plugins/Media/AndroidMedia/Binaries/Win64/UE4Editor-AndroidMediaFactory.dll (API version 3944462).
LogModuleManager: Display: Found up-to-date module file ../../../Engine/Plugins/Media/AvfMedia/Binaries/Win64/UE4Editor-AvfMediaEditor.dll (API version 3944462).
LogModuleManager: Display: Found up-to-date module file ../../../Engine/Plugins/Media/AvfMedia/Binaries/Win64/UE4Editor-AvfMediaFactory.dll (API version 3944462).
LogModuleManager: Display: Found up-to-date module file ../../../Engine/Plugins/Media/AvfMedia/Binaries/Win64/UE4Editor-AvfMediaFactory.dll (API version 3944462).
LogModuleManager: Display: Found up-to-date module file ../../../Engine/Plugins/Media/ImgMedia/Binaries/Win64/UE4Editor-ImgMedia.dll (API version 3944462).
LogModuleManager: Display: Found up-to-date module file ../../../Engine/Plugins/Media/ImgMedia/Binaries/Win64/UE4Editor-ImgMediaEditor.dll (API version 3944462).
LogModuleManager: Display: Found up-to-date module file ../../../Engine/Plugins/Media/ImgMedia/Binaries/Win64/UE4Editor-ImgMediaFactory.dll (API version 3944462).
LogModuleManager: Display: Found up-to-date module file ../../../Engine/Plugins/Media/ImgMedia/Binaries/Win64/UE4Editor-ImgMediaFactory.dll (API version 3944462).
LogModuleManager: Display: Found up-to-date module file ../../../Engine/Plugins/Media/ImgMedia/Binaries/Win64/UE4Editor-OpenExrWrapper.dll (API version 3944462).
LogModuleManager: Display: Found up-to-date module file ../../../Engine/Plugins/Media/LinearTimecode/Binaries/Win64/UE4Editor-LinearTimecode.dll (API version 3944462).
LogModuleManager: Display: Found up-to-date module file ../../../Engine/Plugins/Media/MediaCompositing/Binaries/Win64/UE4Editor-MediaCompositing.dll (API version 3944462).
LogModuleManager: Display: Found up-to-date module file ../../../Engine/Plugins/Media/MediaCompositing/Binaries/Win64/UE4Editor-MediaCompositingEditor.dll (API version 3944462).
LogModuleManager: Display: Found up-to-date module file ../../../Engine/Plugins/Media/MediaPlayerEditor/Binaries/Win64/UE4Editor-MediaPlayerEditor.dll (API version 3944462).
LogModuleManager: Display: Found up-to-date module file ../../../Engine/Plugins/Media/WmfMedia/Binaries/Win64/UE4Editor-WmfMedia.dll (API version 3944462).
LogModuleManager: Display: Found up-to-date module file ../../../Engine/Plugins/Media/WmfMedia/Binaries/Win64/UE4Editor-WmfMediaEditor.dll (API version 3944462).
LogModuleManager: Display: Found up-to-date module file ../../../Engine/Plugins/Media/WmfMedia/Binaries/Win64/UE4Editor-WmfMediaFactory.dll (API version 3944462).
LogModuleManager: Display: Found up-to-date module file ../../../Engine/Plugins/Media/WmfMedia/Binaries/Win64/UE4Editor-WmfMediaFactory.dll (API version 3944462).
LogModuleManager: Display: Found up-to-date module file ../../../Engine/Plugins/Messaging/TcpMessaging/Binaries/Win64/UE4Editor-TcpMessaging.dll (API version 3944462).
LogModuleManager: Display: Found up-to-date module file ../../../Engine/Plugins/Messaging/UdpMessaging/Binaries/Win64/UE4Editor-UdpMessaging.dll (API version 3944462).
LogModuleManager: Display: Found up-to-date module file ../../../Engine/Plugins/MovieScene/ActorSequence/Binaries/Win64/UE4Editor-ActorSequence.dll (API version 3944462).
LogModuleManager: Display: Found up-to-date module file ../../../Engine/Plugins/MovieScene/LevelSequenceEditor/Binaries/Win64/UE4Editor-LevelSequenceEditor.dll (API version 3944462).
LogModuleManager: Display: Found up-to-date module file ../../../Engine/Plugins/MovieScene/MatineeToLevelSequence/Binaries/Win64/UE4Editor-MatineeToLevelSequence.dll (API version 3944462).
LogModuleManager: Display: Found up-to-date module file ../../../Engine/Plugins/NetcodeUnitTest/NetcodeUnitTest/Binaries/Win64/UE4Editor-NetcodeUnitTest.dll (API version 3944462).
LogModuleManager: Display: Found up-to-date module file ../../../Engine/Plugins/NetcodeUnitTest/NUTUnrealEngine4/Binaries/Win64/UE4Editor-NUTUnrealEngine4.dll (API version 3944462).
LogModuleManager: Display: Found up-to-date module file ../../../Engine/Plugins/Online/OnlineSubsystem/Binaries/Win64/UE4Editor-OnlineSubsystem.dll (API version 3944462).
LogModuleManager: Display: Found up-to-date module file ../../../Engine/Plugins/Online/OnlineSubsystemNull/Binaries/Win64/UE4Editor-OnlineSubsystemNull.dll (API version 3944462).
LogModuleManager: Display: Found up-to-date module file ../../../Engine/Plugins/Online/OnlineSubsystemUtils/Binaries/Win64/UE4Editor-OnlineSubsystemUtils.dll (API version 3944462).
LogModuleManager: Display: Found up-to-date module file ../../../Engine/Plugins/Online/OnlineSubsystemUtils/Binaries/Win64/UE4Editor-OnlineBlueprintSupport.dll (API version 3944462).
LogModuleManager: Display: Found up-to-date module file ../../../Engine/Plugins/Runtime/AndroidDeviceProfileSelector/Binaries/Win64/UE4Editor-AndroidDeviceProfileSelector.dll (API version 3944462).
LogModuleManager: Display: Found up-to-date module file ../../../Engine/Plugins/Runtime/AndroidPermission/Binaries/Win64/UE4Editor-AndroidPermission.dll (API version 3944462).
LogModuleManager: Display: Found up-to-date module file ../../../Engine/Plugins/Runtime/AppleARKit/Binaries/Win64/UE4Editor-AppleARKit.dll (API version 3944462).
LogModuleManager: Display: Found up-to-date module file ../../../Engine/Plugins/Runtime/ArchVisCharacter/Binaries/Win64/UE4Editor-ArchVisCharacter.dll (API version 3944462).
LogModuleManager: Display: Found up-to-date module file ../../../Engine/Plugins/Runtime/AudioCapture/Binaries/Win64/UE4Editor-AudioCapture.dll (API version 3944462).
LogModuleManager: Display: Found up-to-date module file ../../../Engine/Plugins/Runtime/AudioCapture/Binaries/Win64/UE4Editor-AudioCaptureEditor.dll (API version 3944462).
LogModuleManager: Display: Found up-to-date module file ../../../Engine/Plugins/Runtime/CableComponent/Binaries/Win64/UE4Editor-CableComponent.dll (API version 3944462).
LogModuleManager: Display: Found up-to-date module file ../../../Engine/Plugins/Runtime/CustomMeshComponent/Binaries/Win64/UE4Editor-CustomMeshComponent.dll (API version 3944462).
LogModuleManager: Display: Found up-to-date module file ../../../Engine/Plugins/Runtime/ExampleDeviceProfileSelector/Binaries/Win64/UE4Editor-ExampleDeviceProfileSelector.dll (API version 3944462).
LogModuleManager: Display: Found up-to-date module file ../../../Engine/Plugins/Runtime/ImmediatePhysics/Binaries/Win64/UE4Editor-ImmediatePhysics.dll (API version 3944462).
LogModuleManager: Display: Found up-to-date module file ../../../Engine/Plugins/Runtime/ImmediatePhysics/Binaries/Win64/UE4Editor-ImmediatePhysicsEditor.dll (API version 3944462).
LogModuleManager: Display: Found up-to-date module file ../../../Engine/Plugins/Runtime/LocationServicesBPLibrary/Binaries/Win64/UE4Editor-LocationServicesBPLibrary.dll (API version 3944462).
LogModuleManager: Display: Found up-to-date module file ../../../Engine/Plugins/Runtime/MobilePatchingUtils/Binaries/Win64/UE4Editor-MobilePatchingUtils.dll (API version 3944462).
LogModuleManager: Display: Found up-to-date module file ../../../Engine/Plugins/Runtime/Oculus/OculusVR/Binaries/Win64/UE4Editor-OculusHMD.dll (API version 3944462).
LogModuleManager: Display: Found up-to-date module file ../../../Engine/Plugins/Runtime/Oculus/OculusVR/Binaries/Win64/UE4Editor-OculusInput.dll (API version 3944462).
LogModuleManager: Display: Found up-to-date module file ../../../Engine/Plugins/Runtime/Oculus/OculusVR/Binaries/Win64/UE4Editor-OculusEditor.dll (API version 3944462).
LogModuleManager: Display: Found up-to-date module file ../../../Engine/Plugins/Runtime/PhysXVehicles/Binaries/Win64/UE4Editor-PhysXVehicles.dll (API version 3944462).
LogModuleManager: Display: Found up-to-date module file ../../../Engine/Plugins/Runtime/PhysXVehicles/Binaries/Win64/UE4Editor-PhysXVehiclesEditor.dll (API version 3944462).
LogModuleManager: Display: Found up-to-date module file ../../../Engine/Plugins/Runtime/ProceduralMeshComponent/Binaries/Win64/UE4Editor-ProceduralMeshComponent.dll (API version 3944462).
LogModuleManager: Display: Found up-to-date module file ../../../Engine/Plugins/Runtime/ProceduralMeshComponent/Binaries/Win64/UE4Editor-ProceduralMeshComponentEditor.dll (API version 3944462).
LogModuleManager: Display: Found up-to-date module file ../../../Engine/Plugins/Runtime/RuntimePhysXCooking/Binaries/Win64/UE4Editor-RuntimePhysXCooking.dll (API version 3944462).
LogModuleManager: Display: Found up-to-date module file ../../../Engine/Plugins/Runtime/Steam/SteamVR/Binaries/Win64/UE4Editor-SteamVR.dll (API version 3944462).
LogModuleManager: Display: Found up-to-date module file ../../../Engine/Plugins/Runtime/Steam/SteamVR/Binaries/Win64/UE4Editor-SteamVRController.dll (API version 3944462).
LogModuleManager: Display: Found up-to-date module file ../../../Engine/Plugins/Runtime/WindowsMoviePlayer/Binaries/Win64/UE4Editor-WindowsMoviePlayer.dll (API version 3944462).
LogInit: Using libcurl 7.47.1
LogInit:  - built for x86_64-pc-win32
LogInit:  - supports SSL with OpenSSL/1.0.2g
LogInit:  - supports HTTP deflate (compression) using libz 1.2.8
LogInit:  - other features:
LogInit:      CURL_VERSION_SSL
LogInit:      CURL_VERSION_LIBZ
LogInit:      CURL_VERSION_IPV6
LogInit:      CURL_VERSION_ASYNCHDNS
LogInit:      CURL_VERSION_LARGEFILE
LogInit:      CURL_VERSION_IDN
LogInit:  CurlRequestOptions (configurable via config and command line):
LogInit:  - bVerifyPeer = false  - Libcurl will NOT verify peer certificate
LogInit:  - bUseHttpProxy = false  - Libcurl will NOT use HTTP proxy
LogInit:  - bDontReuseConnections = false  - Libcurl will reuse connections
LogInit:  - CertBundlePath = nullptr  - Libcurl will use whatever was configured at build time.
LogInit:  - MaxHostConnections = 16  - Libcurl will limit the number of connections to a host
LogInit:  - LocalHostAddr = Default
LogInit: WinSock: version 1.1 (2.2), MaxSocks=32767, MaxUdp=65467
LogInit: WinSock: I am DESKTOP-704QA6H (211.57.240.23:0)
LogInit: Build: ++UE4+Release-4.19-CL-4033788
LogInit: Engine Version: 4.19.2-4033788+++UE4+Release-4.19
LogInit: Compatible Engine Version: 4.19.0-3944462+++UE4+Release-4.19
LogInit: Net CL: 3944462
LogDevObjectVersion: Number of dev versions registered: 18
LogDevObjectVersion:   Dev-Blueprints (B0D832E4-1F89-4F0D-ACCF-7EB736FD4AA2): 10
LogDevObjectVersion:   Dev-Build (E1C64328-A22C-4D53-A36C-8E866417BD8C): 0
LogDevObjectVersion:   Dev-Core (375EC13C-06E4-48FB-B500-84F0262A717E): 2
LogDevObjectVersion:   Dev-Editor (E4B068ED-F494-42E9-A231-DA0B2E46BB41): 23
LogDevObjectVersion:   Dev-Framework (CFFC743F-43B0-4480-9391-14DF171D2073): 33
LogDevObjectVersion:   Dev-Mobile (B02B49B5-BB20-44E9-A304-32B752E40360): 2
LogDevObjectVersion:   Dev-Networking (A4E4105C-59A1-49B5-A7C5-40C4547EDFEE): 0
LogDevObjectVersion:   Dev-Online (39C831C9-5AE6-47DC-9A44-9C173E1C8E7C): 0
LogDevObjectVersion:   Dev-Physics (78F01B33-EBEA-4F98-B9B4-84EACCB95AA2): 0
LogDevObjectVersion:   Dev-Platform (6631380F-2D4D-43E0-8009-CF276956A95A): 0
LogDevObjectVersion:   Dev-Rendering (12F88B9F-8875-4AFC-A67C-D90C383ABD29): 25
LogDevObjectVersion:   Dev-Sequencer (7B5AE74C-D270-4C10-A958-57980B212A5A): 6
LogDevObjectVersion:   Dev-VR (D7296918-1DD6-4BDD-9DE2-64A83CC13884): 1
LogDevObjectVersion:   Dev-LoadTimes (C2A15278-BFE7-4AFE-6C17-90FF531DF755): 1
LogDevObjectVersion:   Private-Geometry (6EACA3D4-40EC-4CC1-B786-8BED09428FC5): 2
LogDevObjectVersion:   Dev-AnimPhys (29E575DD-E0A3-4627-9D10-D276232CDCEA): 16
LogDevObjectVersion:   Dev-ReflectionCapture (6B266CEC-1EC7-4B8F-A30B-E4D90942FC07): 1
LogDevObjectVersion:   Dev-Automation (0DF73D61-A23F-47EA-B727-89E90C41499A): 1
LogInit: Compiled (64-bit): Apr 27 2018 02:06:57
LogInit: Compiled with Visual C++: 19.00.24215.01
LogInit: Build Configuration: Development
LogInit: Branch Name: ++UE4+Release-4.19
LogInit: Command Line: -EpicPortal -epicusername="한승몽" -epicuserid=9812547de3c04d7a911ffea3f8512483 -epiclocale=ko -epicsandboxid=ue
LogInit: Base Directory: C:/Program Files/Epic Games/UE_4.19/Engine/Binaries/Win64/
LogInit: Installed Engine Build: 1
LogStreaming: Display: Took  0.001s to delete old logs.
LogInit: Presizing for max 8388607 objects, including 0 objects not considered by GC, pre-allocating 0 bytes for permanent pool.
LogInit: Object subsystem initialized
[2023.02.17-20.39.27:770][  0]LogInit: Selected Device Profile: [Windows]
[2023.02.17-20.39.27:770][  0]LogInit: Applying CVar settings loaded from the selected device profile: [Windows]
[2023.02.17-20.39.27:775][  0]LogInit: Computer: DESKTOP-704QA6H
[2023.02.17-20.39.27:775][  0]LogInit: User: kayla
[2023.02.17-20.39.27:775][  0]LogInit: CPU Page size=4096, Cores=10
[2023.02.17-20.39.27:775][  0]LogInit: High frequency timer resolution =10.000000 MHz
[2023.02.17-20.39.27:775][  0]LogMemory: Memory total: Physical=31.8GB (32GB approx)
[2023.02.17-20.39.27:775][  0]LogMemory: Platform Memory Stats for Windows
[2023.02.17-20.39.27:775][  0]LogMemory: Process Physical Memory: 277.51 MB used, 277.51 MB peak
[2023.02.17-20.39.27:775][  0]LogMemory: Process Virtual Memory: 272.55 MB used, 272.55 MB peak
[2023.02.17-20.39.27:775][  0]LogMemory: Physical Memory: 13767.22 MB used,  18835.62 MB free, 32602.84 MB total
[2023.02.17-20.39.27:775][  0]LogMemory: Virtual Memory: 4820.25 MB used,  18835.62 MB free, 134217728.00 MB total
[2023.02.17-20.39.27:785][  0]LogInit: Using OS detected language (ko-KR).
[2023.02.17-20.39.27:785][  0]LogInit: Using OS detected locale (ko-KR).
[2023.02.17-20.39.27:786][  0]LogTextLocalizationManager: No specific localization for 'ko-KR' exists, so the 'ko' localization will be used.
[2023.02.17-20.39.28:022][  0]LogStreaming: Display: Took  0.238s to EndInitTextLocalization.
[2023.02.17-20.39.28:023][  0]LogInit: Setting process to per monitor DPI aware
[2023.02.17-20.39.28:035][  0]LogSlate: New Slate User Created.  User Index 0, Is Virtual User: 0
[2023.02.17-20.39.28:035][  0]LogSlate: Slate User Registered.  User Index 0, Is Virtual User: 0
[2023.02.17-20.39.28:108][  0]LogD3D11RHI: D3D11 adapters:
[2023.02.17-20.39.28:162][  0]LogD3D11RHI:    0. 'NVIDIA GeForce RTX 3060 Ti' (Feature Level 11_0)
[2023.02.17-20.39.28:162][  0]LogD3D11RHI:       8038/0/16301 MB DedicatedVideo/DedicatedSystem/SharedSystem, Outputs:1, VendorId:0x10de
[2023.02.17-20.39.28:164][  0]LogD3D11RHI:    1. 'Microsoft Basic Render Driver' (Feature Level 11_0)
[2023.02.17-20.39.28:164][  0]LogD3D11RHI:       0/0/16301 MB DedicatedVideo/DedicatedSystem/SharedSystem, Outputs:0, VendorId:0x1414
[2023.02.17-20.39.28:164][  0]LogD3D11RHI: Chosen D3D11 Adapter: 0
[2023.02.17-20.39.28:168][  0]LogD3D11RHI: Creating new Direct3DDevice
[2023.02.17-20.39.28:169][  0]LogD3D11RHI:     GPU DeviceId: 0x2489 (for the marketing name, search the web for "GPU Device Id")
[2023.02.17-20.39.28:169][  0]LogWindows: EnumDisplayDevices:
[2023.02.17-20.39.28:169][  0]LogWindows:    0. 'NVIDIA GeForce RTX 3060 Ti' (P:1 D:1)
[2023.02.17-20.39.28:169][  0]LogWindows:    1. 'NVIDIA GeForce RTX 3060 Ti' (P:0 D:0)
[2023.02.17-20.39.28:169][  0]LogWindows:    2. 'NVIDIA GeForce RTX 3060 Ti' (P:0 D:0)
[2023.02.17-20.39.28:169][  0]LogWindows:    3. 'NVIDIA GeForce RTX 3060 Ti' (P:0 D:0)
[2023.02.17-20.39.28:169][  0]LogWindows: DebugString: GetVideoDriverDetailsInvalid PrimaryIsNotTheChoosenAdapter GetVideoDriverDetailsInvalid PrimaryIsNotTheChoosenAdapter GetVideoDriverDetailsInvalid PrimaryIsNotTheChoosenAdapter GetVideoDriverDetailsInvalid PrimaryIsNotTheChoosenAdapter FoundDriverCount:0 
[2023.02.17-20.39.28:169][  0]LogD3D11RHI:     Adapter Name: NVIDIA GeForce RTX 3060 Ti
[2023.02.17-20.39.28:169][  0]LogD3D11RHI:   Driver Version: Unknown (internal:Unknown, unified:Unknown)
[2023.02.17-20.39.28:169][  0]LogD3D11RHI:      Driver Date: Unknown
[2023.02.17-20.39.28:169][  0]LogRHI: Texture pool is 5626 MB (70% of 8038 MB)
[2023.02.17-20.39.28:203][  0]LogD3D11RHI: [Aftermath] Aftermath enabled and primed
[2023.02.17-20.39.28:204][  0]LogD3D11RHI: [Aftermath] Aftermath enabled and primed
[2023.02.17-20.39.28:204][  0]LogD3D11RHI: Async texture creation enabled
[2023.02.17-20.39.28:219][  0]LogD3D11RHI: GPU Timing Frequency: 1000.000000 (Debug: 2 2)
[2023.02.17-20.39.28:219][  0]LogD3D11RHI: HDR output is supported on display 0 (NvId: 0x80061082).
[2023.02.17-20.39.28:220][  0]LogShaderCompilers: Guid format shader working directory is -22 characters bigger than the processId version (../../../../../../Users/kayla/Documents/Unreal Projects/ArenaBattle/Intermediate/Shaders/WorkingDirectory/16496/).
[2023.02.17-20.39.28:220][  0]LogShaderCompilers: Cleaned the shader compiler working directory 'C:/Users/kayla/AppData/Local/Temp/UnrealShaderWorkingDir/F2821F464F9A81282C1189977AF845C8/'.
[2023.02.17-20.39.28:349][  0]LogTemp: Display: Loaded TP AllDesktopTargetPlatform
[2023.02.17-20.39.28:358][  0]LogTemp: Display: Loaded TP MacClientTargetPlatform
[2023.02.17-20.39.28:367][  0]LogTemp: Display: Loaded TP MacNoEditorTargetPlatform
[2023.02.17-20.39.28:377][  0]LogTemp: Display: Loaded TP MacServerTargetPlatform
[2023.02.17-20.39.28:386][  0]LogTemp: Display: Loaded TP MacTargetPlatform
[2023.02.17-20.39.28:395][  0]LogTemp: Display: Loaded TP WindowsClientTargetPlatform
[2023.02.17-20.39.28:404][  0]LogTemp: Display: Loaded TP WindowsNoEditorTargetPlatform
[2023.02.17-20.39.28:414][  0]LogTemp: Display: Loaded TP WindowsServerTargetPlatform
[2023.02.17-20.39.28:419][  0]LogTemp: Display: Loaded TP WindowsTargetPlatform
[2023.02.17-20.39.28:426][  0]LogTemp: Display: Loaded TP Android_ASTCTargetPlatform
[2023.02.17-20.39.28:434][  0]LogTemp: Display: Loaded TP Android_ATCTargetPlatform
[2023.02.17-20.39.28:441][  0]LogTemp: Display: Loaded TP Android_DXTTargetPlatform
[2023.02.17-20.39.28:448][  0]LogTemp: Display: Loaded TP Android_ETC1aTargetPlatform
[2023.02.17-20.39.28:458][  0]LogTemp: Display: Loaded TP Android_ETC1TargetPlatform
[2023.02.17-20.39.28:465][  0]LogTemp: Display: Loaded TP Android_ETC2TargetPlatform
[2023.02.17-20.39.28:480][  0]LogTemp: Display: Loaded TP Android_MultiTargetPlatform
[2023.02.17-20.39.28:480][  0]LogTemp: Display: Loaded TP Android_PVRTCTargetPlatform
[2023.02.17-20.39.28:488][  0]LogTemp: Display: Loaded TP AndroidTargetPlatform
[2023.02.17-20.39.28:488][  0]LogTemp: Display: Loaded TP HTML5TargetPlatform
[2023.02.17-20.39.28:521][  0]LogTemp: Display: Loaded TP IOSTargetPlatform
[2023.02.17-20.39.28:528][  0]LogTemp: Display: Loaded TP TVOSTargetPlatform
[2023.02.17-20.39.28:537][  0]LogTemp: Display: Loaded TP LinuxClientTargetPlatform
[2023.02.17-20.39.28:544][  0]LogTemp: Display: Loaded TP LinuxNoEditorTargetPlatform
[2023.02.17-20.39.28:552][  0]LogTemp: Display: Loaded TP LinuxServerTargetPlatform
[2023.02.17-20.39.28:560][  0]LogTemp: Display: Loaded TP LinuxTargetPlatform
[2023.02.17-20.39.28:560][  0]LogTargetPlatformManager: Display: Building Assets For Windows
[2023.02.17-20.39.28:626][  0]LogXGEController: Cannot use XGE Controller as Incredibuild is not installed on this machine.
[2023.02.17-20.39.28:626][  0]LogShaderCompilers: Cannot use XGE Shader Compiler as Incredibuild is not installed on this machine.
[2023.02.17-20.39.28:626][  0]LogShaderCompilers: Display: Using Local Shader Compiler.
[2023.02.17-20.39.29:032][  0]LogDerivedDataCache: Display: Max Cache Size: 512 MB
[2023.02.17-20.39.29:098][  0]LogDerivedDataCache: Loaded boot cache 0.07s 74MB C:/Users/kayla/AppData/Local/UnrealEngine/4.19/DerivedDataCache/Boot.ddc.
[2023.02.17-20.39.29:098][  0]LogDerivedDataCache: Display: Loaded Boot cache: C:/Users/kayla/AppData/Local/UnrealEngine/4.19/DerivedDataCache/Boot.ddc
[2023.02.17-20.39.29:098][  0]LogDerivedDataCache: FDerivedDataBackendGraph:  Pak pak cache file ../../../../../../Users/kayla/Documents/Unreal Projects/ArenaBattle/DerivedDataCache/DDC.ddp not found, will not use a pak cache.
[2023.02.17-20.39.29:099][  0]LogDerivedDataCache: Unable to find inner node Pak for hierarchical cache Hierarchy.
[2023.02.17-20.39.29:099][  0]LogDerivedDataCache: FDerivedDataBackendGraph:  CompressedPak pak cache file ../../../../../../Users/kayla/Documents/Unreal Projects/ArenaBattle/DerivedDataCache/Compressed.ddp not found, will not use a pak cache.
[2023.02.17-20.39.29:099][  0]LogDerivedDataCache: Unable to find inner node CompressedPak for hierarchical cache Hierarchy.
[2023.02.17-20.39.29:107][  0]LogDerivedDataCache: Display: Pak cache opened for reading ../../../Engine/DerivedDataCache/Compressed.ddp.
[2023.02.17-20.39.29:119][  0]LogDerivedDataCache: Using Local data cache path C:/Users/kayla/AppData/Local/UnrealEngine/Common/DerivedDataCache: Writable
[2023.02.17-20.39.29:119][  0]LogDerivedDataCache: Shared data cache path not found in *engine.ini, will not use an Shared cache.
[2023.02.17-20.39.29:119][  0]LogDerivedDataCache: Unable to find inner node Shared for hierarchical cache Hierarchy.
[2023.02.17-20.39.29:125][  0]LogMaterial: Verifying Global Shaders for PCD3D_SM5
[2023.02.17-20.39.29:125][  0]LogSlate: Using Freetype 2.6.0
[2023.02.17-20.39.29:125][  0]LogSlate: SlateFontCache - WITH_FREETYPE: 1, WITH_HARFBUZZ: 1
[2023.02.17-20.39.29:125][  0]LogSlate: SlateFontCache - WITH_FREETYPE: 1, WITH_HARFBUZZ: 1
[2023.02.17-20.39.29:199][  0]LogAssetRegistry: FAssetRegistry took 0.0244 seconds to start up
[2023.02.17-20.39.29:368][  0]LogInit: Selected Device Profile: [Windows]
[2023.02.17-20.39.29:448][  0]LogSimplygon: Simplygon DLL not present - disabling.
[2023.02.17-20.39.29:451][  0]LogMeshReduction: Using SimplygonSwarm for distributed automatic mesh merging
[2023.02.17-20.39.29:451][  0]LogMeshReduction: Using QuadricMeshReduction for automatic static mesh reduction
[2023.02.17-20.39.29:451][  0]LogMeshReduction: No automatic skeletal mesh reduction module available
[2023.02.17-20.39.29:451][  0]LogMeshReduction: No automatic mesh merging module available
[2023.02.17-20.39.29:451][  0]LogMeshMerging: No automatic mesh merging module available
[2023.02.17-20.39.29:466][  0]LogNetVersion: ArenaBattle , NetCL: 3944462, EngineNetVer: 2, GameNetVer: 0 (Checksum: 3555152549)
[2023.02.17-20.39.29:683][  0]LogPackageLocalizationCache: Processed 9 localized package path(s) for 2 prioritized culture(s) in 0.031460 seconds
[2023.02.17-20.39.29:685][  0]LogUObjectArray: 36728 objects as part of root set at end of initial load.
[2023.02.17-20.39.29:685][  0]LogUObjectAllocator: 7314312 out of 0 bytes used by permanent object pool.
[2023.02.17-20.39.29:685][  0]LogUObjectArray: CloseDisregardForGC: 0/0 objects in disregard for GC pool
[2023.02.17-20.39.30:600][  0]LogTcpMessaging: Initializing TcpMessaging bridge
[2023.02.17-20.39.30:622][  0]LogUdpMessaging: Initializing bridge on interface 0.0.0.0:0 to multicast group 230.0.0.1:6666.
[2023.02.17-20.39.30:781][  0]LogSkeletalMesh: Skeletal Mesh found in DDC [0.410000ms] /Game/InfinityBladeWarriors/Character/CompleteCharacters/SK_CharM_Cardboard.SK_CharM_Cardboard
[2023.02.17-20.39.30:788][  0]LogUObjectGlobals: Created PersistentFrame Addr=0x0000022562784ac0, Size=24, Default__WarriorAnimBlueprint_C Function /Game/Book/Animations/WarriorAnimBlueprint.WarriorAnimBlueprint_C:ExecuteUbergraph_WarriorAnimBlueprint
[2023.02.17-20.39.30:793][  0]LogUObjectGlobals: Destroyed PersistentFrame Addr=0x0000022562784ac0, Size=24
[2023.02.17-20.39.30:793][  0]LogUObjectGlobals: Created PersistentFrame Addr=0x00000225627acb68, Size=24, Default__WarriorAnimBlueprint_C Function /Engine/Transient.REINST_WarriorAnimBlueprint_C_0:ExecuteUbergraph_WarriorAnimBlueprint
[2023.02.17-20.39.30:797][  0]LogUObjectGlobals: Created PersistentFrame Addr=0x0000022562e9b478, Size=24, Default__WarriorAnimBlueprint_C Function /Game/Book/Animations/WarriorAnimBlueprint.WarriorAnimBlueprint_C:ExecuteUbergraph_WarriorAnimBlueprint
[2023.02.17-20.39.30:808][  0]LogSkeletalMesh: Skeletal Mesh found in DDC [0.166800ms] /Game/InfinityBladeWeapons/Weapons/Blade/Swords/Blade_BlackKnight/SK_Blade_BlackKnight.SK_Blade_BlackKnight
[2023.02.17-20.39.30:831][  0]LogUObjectGlobals: Warning: 'Class /Game/Book/Animations/WarriorAnimBlueprint.WarriorAnimBlueprint' 오브젝트를 찾는 데 실패했습니다.
[2023.02.17-20.39.30:831][  0]Error: CDO Constructor (ABPawn): Failed to find /Game/Book/Animations/WarriorAnimBlueprint.WarriorAnimBlueprint

[2023.02.17-20.39.30:832][  0]LogUObjectBase: Warning: -------------- Default Property warnings and errors:
[2023.02.17-20.39.30:832][  0]LogUObjectBase: Warning: Error: CDO Constructor (ABPawn): Failed to find /Game/Book/Animations/WarriorAnimBlueprint.WarriorAnimBlueprint

[2023.02.17-20.39.33:688][  0]LogWindowsTextInputMethodSystem: Display: IME system now activated using TSF (Microsoft 입력기).
[2023.02.17-20.39.33:766][  0]SourceControl: 소스 콘트롤이 꺼졌습니다.
[2023.02.17-20.39.33:766][  0]SourceControl: 소스 콘트롤이 꺼졌습니다.
[2023.02.17-20.39.33:775][  0]SourceControl: 소스 콘트롤이 꺼졌습니다.
[2023.02.17-20.39.33:785][  0]SourceControl: 소스 콘트롤이 꺼졌습니다.
[2023.02.17-20.39.34:089][  0]LogAndroidPermission: UAndroidPermissionCallbackProxy::GetInstance
[2023.02.17-20.39.34:177][  0]LogOcInput: OculusInput pre-init called
[2023.02.17-20.39.34:240][  0]LogEngine: Initializing Engine...
[2023.02.17-20.39.34:240][  0]LogHMD: Failed to initialize OpenVR with code 110
[2023.02.17-20.39.34:242][  0]LogStats: UGameplayTagsManager::ConstructGameplayTagTree: Construct from data asset -  0.000 s
[2023.02.17-20.39.34:242][  0]LogStats: UGameplayTagsManager::ConstructGameplayTagTree: GameplayTagTreeChangedEvent.Broadcast -  0.000 s
[2023.02.17-20.39.34:360][  0]LogAIModule: Creating AISystem for world Untitled
[2023.02.17-20.39.34:379][  0]LogInit: XAudio2 using 'Headphones(High Definition Audio Device)' : 2 channels at 48 kHz using 16 bits per sample (channel mask 0x3)
[2023.02.17-20.39.34:385][  0]LogInit: FAudioDevice initialized.
[2023.02.17-20.39.34:498][  0]LogDerivedDataCache: Saved boot cache 0.11s 76MB C:/Users/kayla/AppData/Local/UnrealEngine/4.19/DerivedDataCache/Boot.ddc.
[2023.02.17-20.39.34:505][  0]LogInit: Texture streaming: Enabled
[2023.02.17-20.39.34:517][  0]LogEngineSessionManager: EngineSessionManager initialized
[2023.02.17-20.39.34:526][  0]LogInit: Transaction tracking system initialized
[2023.02.17-20.39.34:544][  0]BlueprintLog: New page: 에디터 로드
[2023.02.17-20.39.34:602][  0]LocalizationService: 현지화 서비스가 비활성화되었습니다.
[2023.02.17-20.39.34:667][  0]LogConsoleResponse: Display: 
[2023.02.17-20.39.34:741][  0]LogCook: Display: Max memory allowance for cook 16384mb min free memory 0mb
[2023.02.17-20.39.34:741][  0]LogCook: Display: Mobile HDR setting 1
[2023.02.17-20.39.34:741][  0]LogGameplayTags: Display: UGameplayTagsManager::DoneAddingNativeTags. DelegateIsBound: 0
[2023.02.17-20.39.34:741][  0]LogStats: UGameplayTagsManager::ConstructGameplayTagTree: Construct from data asset -  0.000 s
[2023.02.17-20.39.34:741][  0]LogStats: UGameplayTagsManager::ConstructGameplayTagTree: GameplayTagTreeChangedEvent.Broadcast -  0.000 s
[2023.02.17-20.39.34:953][  0]LogFileCache: Scanning file cache for directory 'C:/Users/kayla/Documents/Unreal Projects/ArenaBattle/Content/' took 0.02s
[2023.02.17-20.39.34:953][  0]SourceControl: 소스 콘트롤이 꺼졌습니다.
[2023.02.17-20.39.35:032][  0]LogSlate: Took 0.001803 seconds to synchronously load lazily loaded font '../../../Engine/Content/Editor/Slate/Fonts/NanumGothic.ttf' (4243K)
[2023.02.17-20.39.35:033][  0]LogSlate: Took 0.000130 seconds to synchronously load lazily loaded font '../../../Engine/Content/Slate/Fonts/Roboto-Regular.ttf' (155K)
[2023.02.17-20.39.38:116][  0]LogSlate: Window '패키지 복원' being destroyed
[2023.02.17-20.39.39:242][  0]LogSlate: Window '소스 콘트롤에서 체크아웃할 수 없습니다!' being destroyed
[2023.02.17-20.39.39:249][  0]Cmd: MAP LOAD FILE="../../../../../../Users/kayla/Documents/Unreal Projects/ArenaBattle/Content/Book/Maps/Step2.umap" TEMPLATE=0 SHOWPROGRESS=1 FEATURELEVEL=3
[2023.02.17-20.39.39:250][  0]LightingResults: New page: 라이팅 빌드
[2023.02.17-20.39.39:253][  0]MapCheck: New page: 맵 체크
[2023.02.17-20.39.39:253][  0]LightingResults: New page: 라이팅 빌드
[2023.02.17-20.39.39:259][  0]LogUObjectGlobals: Destroyed PersistentFrame Addr=0x00000225627acb68, Size=24
[2023.02.17-20.39.39:356][  0]LogSkeletalMesh: Skeletal Mesh found in DDC [0.139600ms] /Game/InfinityBladeWeapons/Weapons/Blade/Axes/Blade_GreatBlade/SK_Blade_GreatBlade.SK_Blade_GreatBlade
[2023.02.17-20.39.39:387][  0]LogAIModule: Creating AISystem for world Step2
[2023.02.17-20.39.39:391][  0]LogEditorServer: Finished looking for orphan Actors (0.000 secs)
[2023.02.17-20.39.39:398][  0]Cmd: MAP CHECKDEP NOCLEARLOG
[2023.02.17-20.39.39:421][  0]MapCheck: 맵 체크 완료: 오류 0 회, 경고 0 회, 소요 시간 23.638ms.
[2023.02.17-20.39.39:421][  0]LogFileHelpers: Loading map 'Step2' took 0.172
[2023.02.17-20.39.39:459][  0]LogStats: Warning: MetaData mismatch. Did you assign a stat to two groups? New //STATGROUP_Threads//SplashScreenThread///Thread_8f0_0///####STATCAT_Advanced#### old //STATGROUP_Threads//SplashScreenThread///Thread_4640_0///####STATCAT_Advanced####
[2023.02.17-20.39.39:459][  0]LogCollectionManager: Loaded 0 collections in 0.001456 seconds
[2023.02.17-20.39.39:496][  0]LogFileCache: Scanning file cache for directory 'C:/Users/kayla/Documents/Unreal Projects/ArenaBattle/Saved/Collections/' took 0.01s
[2023.02.17-20.39.39:496][  0]LogFileCache: Scanning file cache for directory 'C:/Users/kayla/Documents/Unreal Projects/ArenaBattle/Content/Developers/kayla/Collections/' took 0.01s
[2023.02.17-20.39.39:496][  0]LogFileCache: Scanning file cache for directory 'C:/Users/kayla/Documents/Unreal Projects/ArenaBattle/Content/Collections/' took 0.01s
[2023.02.17-20.39.39:496][  0]LogCollectionManager: Rebuilt the GUID cache for 0 collections in 0.000000 seconds
[2023.02.17-20.39.39:502][  0]LogContentBrowser: Native class hierarchy populated in 0.0053 seconds. Added 2461 classes and 560 folders.
[2023.02.17-20.39.39:507][  0]LogContentBrowser: Native class hierarchy updated for 'WidgetCarousel' in 0.0005 seconds. Added 0 classes and 0 folders.
[2023.02.17-20.39.39:526][  0]LogContentBrowser: Native class hierarchy updated for 'AddContentDialog' in 0.0005 seconds. Added 0 classes and 0 folders.
[2023.02.17-20.39.39:530][  0]LogContentBrowser: Native class hierarchy updated for 'SceneOutliner' in 0.0005 seconds. Added 1 classes and 2 folders.
[2023.02.17-20.39.39:544][  0]LogSlate: Took 0.001628 seconds to synchronously load lazily loaded font '../../../Engine/Content/Editor/Slate/Fonts/NanumGothicBold.ttf' (4188K)
[2023.02.17-20.39.39:545][  0]LogSlate: Took 0.000091 seconds to synchronously load lazily loaded font '../../../Engine/Content/Slate/Fonts/Roboto-Bold.ttf' (160K)
[2023.02.17-20.39.39:547][  0]LogSlate: Took 0.000109 seconds to synchronously load lazily loaded font '../../../Engine/Content/Editor/Slate/Fonts/FontAwesome.ttf' (139K)
[2023.02.17-20.39.39:547][  0]LogSlate: Took 0.000063 seconds to synchronously load lazily loaded font '../../../Engine/Content/Slate/Fonts/DroidSansMono.ttf' (77K)
[2023.02.17-20.39.39:564][  0]LogSlate: Took 0.001421 seconds to synchronously load lazily loaded font '../../../Engine/Content/Editor/Slate/Fonts/NanumGothicExtraBold.ttf' (4074K)
[2023.02.17-20.39.39:624][  0]LogRenderer: Reallocating scene render targets to support 1208x568 Format 10 NumSamples 1 (Frame:1).
[2023.02.17-20.39.39:739][  0]LogContentBrowser: Native class hierarchy updated for 'HierarchicalLODOutliner' in 0.0005 seconds. Added 0 classes and 0 folders.
[2023.02.17-20.39.39:740][  0]LogLoad: (Engine Initialization) Total time: 14.50 seconds
[2023.02.17-20.39.39:740][  0]LogLoad: (Engine Initialization) Total Blueprint compile time: 0.00 seconds
[2023.02.17-20.39.39:767][  0]LogContentStreaming: Texture pool size now 1000 MB
[2023.02.17-20.39.39:856][  1]LogAssetRegistry: Asset discovery search completed in 10.6798 seconds
[2023.02.17-20.39.39:858][  1]LogCollectionManager: Rebuilt the object cache for 0 collections in 0.000000 seconds (found 0 objects)
[2023.02.17-20.39.39:858][  1]LogCollectionManager: Fixed up redirectors for 0 collections in 0.000167 seconds (updated 0 objects)
[2023.02.17-20.39.42:165][277]LogSlate: FSceneViewport::OnFocusLost() reason 0
[2023.02.17-20.39.42:256][288]LogTemp: Repeating last play command: 선택된 뷰포트
[2023.02.17-20.39.42:265][288]LogPlayLevel: PlayLevel: No blueprints needed recompiling
[2023.02.17-20.39.42:265][288]PIE: New page: PIE 세션: Step2 (2023. 2. 18. 오후 2:39:42)
[2023.02.17-20.39.42:265][288]LogPlayLevel: Creating play world package: /Game/Book/Maps/UEDPIE_0_Step2
[2023.02.17-20.39.42:267][288]LogPlayLevel: PIE: StaticDuplicateObject took: (0.001718s)
[2023.02.17-20.39.42:267][288]LogAIModule: Creating AISystem for world Step2
[2023.02.17-20.39.42:267][288]LogPlayLevel: PIE: World Init took: (0.000484s)
[2023.02.17-20.39.42:267][288]LogPlayLevel: PIE: Created PIE world by copying editor world from /Game/Book/Maps/Step2.Step2 to /Game/Book/Maps/UEDPIE_0_Step2.Step2 (0.002458s)
[2023.02.17-20.39.42:274][288]ArenaBattle: Warning: UABGameInstance::Init(19) DropExp of Level 20 ABCharacter: 0
[2023.02.17-20.39.42:280][288]LogInit: XAudio2 using 'Headphones(High Definition Audio Device)' : 2 channels at 48 kHz using 16 bits per sample (channel mask 0x3)
[2023.02.17-20.39.42:286][288]LogInit: FAudioDevice initialized.
[2023.02.17-20.39.42:329][288]LogLoad: Game class is 'ABGameMode'
[2023.02.17-20.39.42:331][288]LogWorld: Bringing World /Game/Book/Maps/UEDPIE_0_Step2.Step2 up for play (max tick rate 0) at 2023.02.18-05.39.42
[2023.02.17-20.39.42:332][288]LogWorld: Bringing up level for play took: 0.002040
[2023.02.17-20.39.42:332][288]ArenaBattle: Warning: AABPlayerController::PostInitializeComponents(16)
[2023.02.17-20.39.42:333][288]ArenaBattle: Warning: AABGameMode::PostLogin(15) PostLogin Begin
[2023.02.17-20.39.42:336][288]LogContentBrowser: Native class hierarchy updated for 'MovieSceneCapture' in 0.0005 seconds. Added 11 classes and 0 folders.
[2023.02.17-20.39.42:336][288]ArenaBattle: Warning: AABPlayerController::Possess(21)
[2023.02.17-20.39.42:336][288]ArenaBattle: Warning: AABGameMode::PostLogin(17) PostLogin End
[2023.02.17-20.39.42:337][288]PIE: /Game/Book/Maps/UEDPIE_0_Step2 에 대한 에디터에서 플레이 시작 시간: -0.847
[2023.02.17-20.39.44:622][560]ArenaBattle: Warning: AABItemBox::OnCharacterOverlap(65)
[2023.02.17-20.39.45:897][713]ArenaBattle: Warning: AABCharacter::AttackCheck(400) Hit Actor Name: ABCharacter1
[2023.02.17-20.39.45:897][713]ArenaBattle: Warning: AABCharacter::TakeDamage(357) Actor: ABCharacter1 took Damage: 10.000000
[2023.02.17-20.39.46:014][727]ArenaBattle: Warning: AABCharacter::PostInitializeComponents::<lambda_ff573249977e28b990551c43f5d32c8e>::operator ()(207) OnNextAttackCheck
[2023.02.17-20.39.48:106][978]ArenaBattle: Warning: AABCharacter::PostInitializeComponents::<lambda_ff573249977e28b990551c43f5d32c8e>::operator ()(207) OnNextAttackCheck
[2023.02.17-20.39.48:815][ 63]ArenaBattle: Warning: AABCharacter::PostInitializeComponents::<lambda_ff573249977e28b990551c43f5d32c8e>::operator ()(207) OnNextAttackCheck
[2023.02.17-20.39.49:406][134]ArenaBattle: Warning: AABCharacter::AttackCheck(400) Hit Actor Name: ABCharacter1
[2023.02.17-20.39.49:406][134]ArenaBattle: Warning: AABCharacter::TakeDamage(357) Actor: ABCharacter1 took Damage: 10.000000
[2023.02.17-20.39.49:523][148]ArenaBattle: Warning: AABCharacter::PostInitializeComponents::<lambda_ff573249977e28b990551c43f5d32c8e>::operator ()(207) OnNextAttackCheck
[2023.02.17-20.39.49:981][203]ArenaBattle: Warning: AABCharacter::AttackCheck(400) Hit Actor Name: ABCharacter1
[2023.02.17-20.39.49:981][203]ArenaBattle: Warning: AABCharacter::TakeDamage(357) Actor: ABCharacter1 took Damage: 10.000000
[2023.02.17-20.39.50:098][217]ArenaBattle: Warning: AABCharacter::PostInitializeComponents::<lambda_ff573249977e28b990551c43f5d32c8e>::operator ()(207) OnNextAttackCheck
[2023.02.17-20.39.51:040][330]ArenaBattle: Warning: AABCharacter::AttackCheck(400) Hit Actor Name: ABCharacter1
[2023.02.17-20.39.51:040][330]ArenaBattle: Warning: AABCharacter::TakeDamage(357) Actor: ABCharacter1 took Damage: 10.000000
[2023.02.17-20.39.51:156][344]ArenaBattle: Warning: AABCharacter::PostInitializeComponents::<lambda_ff573249977e28b990551c43f5d32c8e>::operator ()(207) OnNextAttackCheck
[2023.02.17-20.39.51:940][438]ArenaBattle: Warning: AABCharacter::AttackCheck(400) Hit Actor Name: ABCharacter1
[2023.02.17-20.39.51:940][438]ArenaBattle: Warning: AABCharacter::TakeDamage(357) Actor: ABCharacter1 took Damage: 10.000000
[2023.02.17-20.39.52:056][452]ArenaBattle: Warning: AABCharacter::PostInitializeComponents::<lambda_ff573249977e28b990551c43f5d32c8e>::operator ()(207) OnNextAttackCheck
[2023.02.17-20.39.52:514][507]ArenaBattle: Warning: AABCharacter::AttackCheck(400) Hit Actor Name: ABCharacter1
[2023.02.17-20.39.52:514][507]ArenaBattle: Warning: AABCharacter::TakeDamage(357) Actor: ABCharacter1 took Damage: 10.000000
[2023.02.17-20.39.52:631][521]ArenaBattle: Warning: AABCharacter::PostInitializeComponents::<lambda_ff573249977e28b990551c43f5d32c8e>::operator ()(207) OnNextAttackCheck
[2023.02.17-20.39.53:498][625]ArenaBattle: Warning: AABCharacter::PostInitializeComponents::<lambda_ff573249977e28b990551c43f5d32c8e>::operator ()(207) OnNextAttackCheck
[2023.02.17-20.39.54:190][708]ArenaBattle: Warning: AABCharacter::PostInitializeComponents::<lambda_ff573249977e28b990551c43f5d32c8e>::operator ()(207) OnNextAttackCheck
[2023.02.17-20.39.54:356][728]ArenaBattle: Warning: AABCharacter::PostInitializeComponents::<lambda_ff573249977e28b990551c43f5d32c8e>::operator ()(207) OnNextAttackCheck
[2023.02.17-20.39.55:173][826]ArenaBattle: Warning: AABCharacter::PostInitializeComponents::<lambda_ff573249977e28b990551c43f5d32c8e>::operator ()(207) OnNextAttackCheck
[2023.02.17-20.39.55:340][846]ArenaBattle: Warning: AABCharacter::PostInitializeComponents::<lambda_ff573249977e28b990551c43f5d32c8e>::operator ()(207) OnNextAttackCheck
[2023.02.17-20.39.56:131][941]ArenaBattle: Warning: AABCharacter::PostInitializeComponents::<lambda_ff573249977e28b990551c43f5d32c8e>::operator ()(207) OnNextAttackCheck
[2023.02.17-20.39.56:299][961]ArenaBattle: Warning: AABCharacter::PostInitializeComponents::<lambda_ff573249977e28b990551c43f5d32c8e>::operator ()(207) OnNextAttackCheck
[2023.02.17-20.39.56:423][976]ArenaBattle: Warning: AABCharacter::PostInitializeComponents::<lambda_ff573249977e28b990551c43f5d32c8e>::operator ()(207) OnNextAttackCheck
[2023.02.17-20.39.57:340][ 86]ArenaBattle: Warning: AABCharacter::PostInitializeComponents::<lambda_ff573249977e28b990551c43f5d32c8e>::operator ()(207) OnNextAttackCheck
[2023.02.17-20.39.58:123][180]ArenaBattle: Warning: AABCharacter::PostInitializeComponents::<lambda_ff573249977e28b990551c43f5d32c8e>::operator ()(207) OnNextAttackCheck
[2023.02.17-20.39.58:290][200]ArenaBattle: Warning: AABCharacter::PostInitializeComponents::<lambda_ff573249977e28b990551c43f5d32c8e>::operator ()(207) OnNextAttackCheck
[2023.02.17-20.39.58:415][215]ArenaBattle: Warning: AABCharacter::PostInitializeComponents::<lambda_ff573249977e28b990551c43f5d32c8e>::operator ()(207) OnNextAttackCheck
[2023.02.17-20.39.59:207][310]ArenaBattle: Warning: AABCharacter::PostInitializeComponents::<lambda_ff573249977e28b990551c43f5d32c8e>::operator ()(207) OnNextAttackCheck
[2023.02.17-20.39.59:373][330]ArenaBattle: Warning: AABCharacter::PostInitializeComponents::<lambda_ff573249977e28b990551c43f5d32c8e>::operator ()(207) OnNextAttackCheck
[2023.02.17-20.39.59:498][345]ArenaBattle: Warning: AABCharacter::PostInitializeComponents::<lambda_ff573249977e28b990551c43f5d32c8e>::operator ()(207) OnNextAttackCheck
[2023.02.17-20.40.00:407][454]ArenaBattle: Warning: AABCharacter::PostInitializeComponents::<lambda_ff573249977e28b990551c43f5d32c8e>::operator ()(207) OnNextAttackCheck
[2023.02.17-20.40.00:574][474]ArenaBattle: Warning: AABCharacter::PostInitializeComponents::<lambda_ff573249977e28b990551c43f5d32c8e>::operator ()(207) OnNextAttackCheck
[2023.02.17-20.40.00:698][489]ArenaBattle: Warning: AABCharacter::PostInitializeComponents::<lambda_ff573249977e28b990551c43f5d32c8e>::operator ()(207) OnNextAttackCheck
[2023.02.17-20.40.01:507][586]ArenaBattle: Warning: AABCharacter::PostInitializeComponents::<lambda_ff573249977e28b990551c43f5d32c8e>::operator ()(207) OnNextAttackCheck
[2023.02.17-20.40.01:674][606]ArenaBattle: Warning: AABCharacter::PostInitializeComponents::<lambda_ff573249977e28b990551c43f5d32c8e>::operator ()(207) OnNextAttackCheck
[2023.02.17-20.40.01:798][621]ArenaBattle: Warning: AABCharacter::PostInitializeComponents::<lambda_ff573249977e28b990551c43f5d32c8e>::operator ()(207) OnNextAttackCheck
[2023.02.17-20.40.02:623][720]ArenaBattle: Warning: AABCharacter::PostInitializeComponents::<lambda_ff573249977e28b990551c43f5d32c8e>::operator ()(207) OnNextAttackCheck
[2023.02.17-20.40.02:790][740]ArenaBattle: Warning: AABCharacter::PostInitializeComponents::<lambda_ff573249977e28b990551c43f5d32c8e>::operator ()(207) OnNextAttackCheck
[2023.02.17-20.40.02:915][755]ArenaBattle: Warning: AABCharacter::PostInitializeComponents::<lambda_ff573249977e28b990551c43f5d32c8e>::operator ()(207) OnNextAttackCheck
[2023.02.17-20.40.06:378][164]LogSlate: FSceneViewport::OnFocusLost() reason 0
[2023.02.17-20.40.07:635][310]LogSlate: Window 'ArenaBattle - 언리얼 에디터' being destroyed
[2023.02.17-20.40.07:775][311]Cmd: QUIT_EDITOR
[2023.02.17-20.40.11:355][311]LogWindows: Error: === Critical error: ===
[2023.02.17-20.40.11:355][311]LogWindows: Error: 
[2023.02.17-20.40.11:355][311]LogWindows: Error: Fatal error!
[2023.02.17-20.40.11:355][311]LogWindows: Error: 
[2023.02.17-20.40.11:355][311]LogWindows: Error: Unhandled Exception: EXCEPTION_ACCESS_VIOLATION reading address 0x00000000
[2023.02.17-20.40.11:355][311]LogWindows: Error: 
[2023.02.17-20.40.11:355][311]LogWindows: Error: [Callstack] 0x000000000578C62C msctf.dll!UnknownFunction []
[2023.02.17-20.40.11:355][311]LogWindows: Error: [Callstack] 0x000000000578F126 msctf.dll!UnknownFunction []
[2023.02.17-20.40.11:355][311]LogWindows: Error: [Callstack] 0x0000000005791F93 msctf.dll!UnknownFunction []
[2023.02.17-20.40.11:355][311]LogWindows: Error: [Callstack] 0x00000000057BEA91 msctf.dll!UnknownFunction []
[2023.02.17-20.40.11:355][311]LogWindows: Error: [Callstack] 0x0000000005795D54 msctf.dll!UnknownFunction []
[2023.02.17-20.40.11:355][311]LogWindows: Error: [Callstack] 0x000000000577FF30 msctf.dll!UnknownFunction []
[2023.02.17-20.40.11:355][311]LogWindows: Error: [Callstack] 0x000000000577D755 msctf.dll!UnknownFunction []
[2023.02.17-20.40.11:355][311]LogWindows: Error: [Callstack] 0x000000000577D5FF msctf.dll!UnknownFunction []
[2023.02.17-20.40.11:355][311]LogWindows: Error: [Callstack] 0x0000000005052AF2 IMM32.dll!UnknownFunction []
[2023.02.17-20.40.11:355][311]LogWindows: Error: [Callstack] 0x0000000005058E28 IMM32.dll!UnknownFunction []
[2023.02.17-20.40.11:355][311]LogWindows: Error: [Callstack] 0x0000000005781AA8 msctf.dll!UnknownFunction []
[2023.02.17-20.40.11:355][311]LogWindows: Error: [Callstack] 0x00000000057A82FB msctf.dll!UnknownFunction []
[2023.02.17-20.40.11:355][311]LogWindows: Error: [Callstack] 0x00000000057CD89A msctf.dll!UnknownFunction []
[2023.02.17-20.40.11:355][311]LogWindows: Error: [Callstack] 0x000000000505B09B IMM32.dll!UnknownFunction []
[2023.02.17-20.40.11:355][311]LogWindows: Error: [Callstack] 0x000000000505B60E IMM32.dll!UnknownFunction []
[2023.02.17-20.40.11:355][311]LogWindows: Error: [Callstack] 0x00000000E662B23A UE4Editor-ApplicationCore.dll!FWindowsTextInputMethodSystem::Terminate() [d:\build\++ue4+release-4.19+compile\sync\engine\source\runtime\applicationcore\private\windows\windowstextinputmethodsystem.cpp:572]
[2023.02.17-20.40.11:355][311]LogWindows: Error: [Callstack] 0x00000000E6608CA5 UE4Editor-ApplicationCore.dll!FWindowsApplication::~FWindowsApplication() [d:\build\++ue4+release-4.19+compile\sync\engine\source\runtime\applicationcore\private\windows\windowsapplication.cpp:275]
[2023.02.17-20.40.11:355][311]LogWindows: Error: [Callstack] 0x00000000E660B315 UE4Editor-ApplicationCore.dll!FWindowsApplication::`vector deleting destructor'() []
[2023.02.17-20.40.11:355][311]LogWindows: Error: [Callstack] 0x00000000AD067319 UE4Editor-Slate.dll!FSlateApplication::Shutdown() [d:\build\++ue4+release-4.19+compile\sync\engine\source\runtime\slate\private\framework\application\slateapplication.cpp:967]
[2023.02.17-20.40.11:355][311]LogWindows: Error: [Callstack] 0x0000000015066064 UE4Editor.exe!FEngineLoop::Exit() [d:\build\++ue4+release-4.19+compile\sync\engine\source\runtime\launch\private\launchengineloop.cpp:2868]
[2023.02.17-20.40.11:355][311]LogWindows: Error: [Callstack] 0x0000000015066C05 UE4Editor.exe!GuardedMain() [d:\build\++ue4+release-4.19+compile\sync\engine\source\runtime\launch\private\launch.cpp:177]
[2023.02.17-20.40.11:355][311]LogWindows: Error: [Callstack] 0x0000000015066C4A UE4Editor.exe!GuardedMainWrapper() [d:\build\++ue4+release-4.19+compile\sync\engine\source\runtime\launch\private\windows\launchwindows.cpp:144]
[2023.02.17-20.40.11:355][311]LogWindows: Error: [Callstack] 0x0000000015074177 UE4Editor.exe!WinMain() [d:\build\++ue4+release-4.19+compile\sync\engine\source\runtime\launch\private\windows\launchwindows.cpp:223]
[2023.02.17-20.40.11:355][311]LogWindows: Error: [Callstack] 0x0000000015075B87 UE4Editor.exe!__scrt_common_main_seh() [f:\dd\vctools\crt\vcstartup\src\startup\exe_common.inl:253]
[2023.02.17-20.40.11:355][311]LogWindows: Error: [Callstack] 0x00000000051626BD KERNEL32.DLL!UnknownFunction []
[2023.02.17-20.40.11:355][311]LogWindows: Error: [Callstack] 0x0000000006D4DFB8 ntdll.dll!UnknownFunction []
[2023.02.17-20.40.11:355][311]LogWindows: Error: [Callstack] 0x0000000006D4DFB8 ntdll.dll!UnknownFunction []
[2023.02.17-20.40.11:355][311]LogWindows: Error: 
[2023.02.17-20.40.11:366][311]LogExit: Executing StaticShutdownAfterError
[2023.02.17-20.40.11:368][311]LogWindows: FPlatformMisc::RequestExit(1)
[2023.02.17-20.40.11:368][311]Log file closed, 02/18/23 05:40:11
